This is pdfTeX, Version 3.1415926-2.5-1.40.14 (TeX Live 2013) (format=pdflatex 2013.5.30)  23 MAY 2016 15:33
entering extended mode
 restricted \write18 enabled.
 file:line:error style messages enabled.
 %&-line parsing enabled.
**propcover.tex
(./propcover.tex
LaTeX2e <2011/06/27>
Babel <3.9f> and hyphenation patterns for 78 languages loaded.
(/usr/local/texlive/2013/texmf-dist/tex/latex/base/article.cls
Document Class: article 2007/10/19 v1.4h Standard LaTeX document class
(/usr/local/texlive/2013/texmf-dist/tex/latex/base/size10.clo
File: size10.clo 2007/10/19 v1.4h Standard LaTeX file (size option)
)
\c@part=\count79
\c@section=\count80
\c@subsection=\count81
\c@subsubsection=\count82
\c@paragraph=\count83
\c@subparagraph=\count84
\c@figure=\count85
\c@table=\count86
\abovecaptionskip=\skip41
\belowcaptionskip=\skip42
\bibindent=\dimen102
)
No file propcover.aux.
\openout1 = `propcover.aux'.

LaTeX Font Info:    Checking defaults for OML/cmm/m/it on input line 5.
LaTeX Font Info:    ... okay on input line 5.
LaTeX Font Info:    Checking defaults for T1/cmr/m/n on input line 5.
LaTeX Font Info:    ... okay on input line 5.
LaTeX Font Info:    Checking defaults for OT1/cmr/m/n on input line 5.
LaTeX Font Info:    ... okay on input line 5.
LaTeX Font Info:    Checking defaults for OMS/cmsy/m/n on input line 5.
LaTeX Font Info:    ... okay on input line 5.
LaTeX Font Info:    Checking defaults for OMX/cmex/m/n on input line 5.
LaTeX Font Info:    ... okay on input line 5.
LaTeX Font Info:    Checking defaults for U/cmr/m/n on input line 5.
LaTeX Font Info:    ... okay on input line 5.
LaTeX Font Info:    External font `cmex10' loaded for size
(Font)              <7> on input line 81.
LaTeX Font Info:    External font `cmex10' loaded for size
(Font)              <5> on input line 81.

Overfull \hbox (108.77873pt too wide) in paragraph at lines 81--92
[][] 
 []

[1

{/usr/local/texlive/2013/texmf-var/fonts/map/pdftex/updmap/pdftex.map}]
Overfull \hbox (109.02284pt too wide) in paragraph at lines 143--150
[][] 
 []


Overfull \hbox (118.6875pt too wide) in paragraph at lines 153--163
[] 
 []

[2]
Overfull \hbox (61.0382pt too wide) in paragraph at lines 201--208
[][] 
 []


Overfull \hbox (118.6875pt too wide) in paragraph at lines 211--221
[] 
 []

[3]
Overfull \hbox (107.92285pt too wide) in paragraph at lines 261--268
[][] 
 []


Overfull \hbox (118.6875pt too wide) in paragraph at lines 271--281
[] 
 []

[4]
Overfull \hbox (109.02284pt too wide) in paragraph at lines 320--327
[][] 
 []


Overfull \hbox (118.6875pt too wide) in paragraph at lines 330--340
[] 
 []

[5] (./propcover.aux) ) 
Here is how much of TeX's memory you used:
 232 strings out of 493315
 2543 string characters out of 6137904
 56158 words of memory out of 5000000
 3767 multiletter control sequences out of 15000+600000
 5454 words of font info for 20 fonts, out of 8000000 for 9000
 957 hyphenation exceptions out of 8191
 23i,8n,17p,156b,160s stack positions out of 5000i,500n,10000p,200000b,80000s
</usr/local/texlive/2013/texmf-dist/fonts/type1/public/a
msfonts/cm/cmbx10.pfb></usr/local/texlive/2013/texmf-dist/fonts/type1/public/am
sfonts/cm/cmbx12.pfb></usr/local/texlive/2013/texmf-dist/fonts/type1/public/ams
fonts/cm/cmcsc10.pfb></usr/local/texlive/2013/texmf-dist/fonts/type1/public/ams
fonts/cm/cmr10.pfb>
Output written on propcover.pdf (5 pages, 67178 bytes).
PDF statistics:
 36 PDF objects out of 1000 (max. 8388607)
 24 compressed objects within 1 object stream
 0 named destinations out of 1000 (max. 500000)
 1 words of extra memory for PDF output out of 10000 (max. 10000000)

